<?xml version="1.0" encoding="UTF-8"?>
<!-- Generated by org.testng.reporters.JUnitXMLReporter -->
<testsuite hostname="mayank" ignored="2" name="Default test" tests="1" failures="0" timestamp="27 May 2020 20:54:02 GMT" time="10.832" errors="0">
  <testcase name="enterTimeAndDateTest" time="0.828" classname="com.mytest.NotepadTest"/>
  <testcase name="sendTextTest" time="0.0" classname="com.mytest.NotepadTest">
    <ignored/>
  </testcase> <!-- sendTextTest -->
  <testcase name="checkHelpAboutNowTest" time="0.0" classname="com.mytest.NotepadTest">
    <ignored/>
  </testcase> <!-- checkHelpAboutNowTest -->
</testsuite> <!-- Default test -->
