<?xml version="1.0" encoding="UTF-8"?>
<testng-results skipped="0" failed="0" ignored="2" total="3" passed="1">
  <reporter-output>
  </reporter-output>
  <suite name="Default suite" duration-ms="10832" started-at="2020-05-27T20:53:51Z" finished-at="2020-05-27T20:54:02Z">
    <groups>
    </groups>
    <test name="Default test" duration-ms="10832" started-at="2020-05-27T20:53:51Z" finished-at="2020-05-27T20:54:02Z">
      <class name="com.mytest.NotepadTest">
        <test-method status="PASS" signature="setUp()[pri:0, instance:com.mytest.NotepadTest@6b419da]" name="setUp" is-config="true" duration-ms="2576" started-at="2020-05-27T20:53:51Z" finished-at="2020-05-27T20:53:54Z">
          <reporter-output>
          </reporter-output>
        </test-method> <!-- setUp -->
        <test-method status="PASS" signature="enterTimeAndDateTest()[pri:0, instance:com.mytest.NotepadTest@6b419da]" name="enterTimeAndDateTest" duration-ms="828" started-at="2020-05-27T20:53:54Z" finished-at="2020-05-27T20:53:55Z">
          <reporter-output>
          </reporter-output>
        </test-method> <!-- enterTimeAndDateTest -->
        <test-method status="PASS" signature="cleanUp()[pri:0, instance:com.mytest.NotepadTest@6b419da]" name="cleanUp" is-config="true" duration-ms="7407" started-at="2020-05-27T20:53:55Z" finished-at="2020-05-27T20:54:02Z">
          <reporter-output>
          </reporter-output>
        </test-method> <!-- cleanUp -->
        <test-method status="PASS" signature="teardown()[pri:0, instance:com.mytest.NotepadTest@6b419da]" name="teardown" is-config="true" duration-ms="44" started-at="2020-05-27T20:54:02Z" finished-at="2020-05-27T20:54:02Z">
          <reporter-output>
          </reporter-output>
        </test-method> <!-- teardown -->
      </class> <!-- com.mytest.NotepadTest -->
    </test> <!-- Default test -->
  </suite> <!-- Default suite -->
</testng-results>
